********************************************************************************
DUPLICATOR-LITE PACKAGE-LOG: March 19, 2023 10:54 pm
NOTICE: Do NOT post to public sites or forums 
********************************************************************************
VERSION:	1.5.3
WORDPRESS:	6.1.1
PHP INFO:	8.1.4 | SAPI: apache2handler
SERVER:		Apache/2.4.53 (Win64) OpenSSL/1.1.1n PHP/8.1.4 
PHP TIME LIMIT: (0) no time limit imposed 
PHP MAX MEMORY: 4294967296 (512M default) 
MEMORY STACK: 44MB

********************************************************************************
DATABASE:
********************************************************************************
BUILD MODE:   MYSQLDUMP
MYSQLTIMEOUT: 5000
MYSQLDUMP:    Is Supported
SQL CREATED: 20230319_bluestones_282d4c48b01203806471_20230319225358_database.sql
SQL FILE SIZE: 1.73MB (1817479)
SQL FILE TIME: 2023-03-19 22:54:21
SQL RUNTIME: 6.88 sec.

********************************************************************************
ARCHIVE (ZIP):
********************************************************************************
ARCHIVE DIR:  C:/xampp/htdocs/bluestones
ARCHIVE FILE: 20230319_bluestones_282d4c48b01203806471_20230319225358_archive.zip
FILTERS: *OFF*
DIRS:
	not set
FILES:
	not set
EXTS:  not set
----------------------------------------
COMPRESSING
SIZE:	110.98MB
STATS:	Dirs 1,171 | Files 5,788
SQL ADDED: 20230319_bluestones_282d4c48b01203806471_20230319225358_database.sql
ZipArchive Object
(
    [lastId] => 6958
    [status] => 0
    [statusSys] => 0
    [numFiles] => 6959
    [filename] => C:\xampp\htdocs\bluestones\wp-content\backups-dup-lite\tmp\20230319_bluestones_282d4c48b01203806471_20230319225358_archive.zip
    [comment] => 
)

FILE ADDED TO ZIP: 6958
COMPRESSION RESULT: '1'
COMPRESSED SIZE: 43.18MB
ARCHIVE RUNTIME: 88.74 sec.
MEMORY STACK: 46MB
building installer
ARCHIVE CONSISTENCY TEST: PASS

********************************************************************************
INTEGRITY CHECKS:
********************************************************************************
SQL FILE: 1.73MB
INSTALLER FILE: 73.35KB
ARCHIVE FILE: 45.04MB 
EXPECTED FILE/DIRECTORY COUNT: 6,959
ACTUAL FILE/DIRECTORY COUNT: 6,958
ARCHIVE CONSISTENCY TEST: Pass

********************************************************************************
RECORD ID:[1]
TOTAL PROCESS RUNTIME: 98.59 sec.
PEAK PHP MEMORY USED: 48MB
DONE PROCESSING => 20230319_bluestones March 19, 2023 10:55 pm

